<?xml version="1.0" encoding="UTF-8"?>
<testng-results ignored="0" total="1" passed="1" failed="0" skipped="0">
  <reporter-output>
  </reporter-output>
  <suite started-at="2023-03-30T16:39:11 IST" name="Default suite" finished-at="2023-03-30T16:39:25 IST" duration-ms="14051">
    <groups>
    </groups>
    <test started-at="2023-03-30T16:39:11 IST" name="Default test" finished-at="2023-03-30T16:39:25 IST" duration-ms="14051">
      <class name="com.ust.text.Firsttext">
        <test-method signature="Testgoogle()[pri:0, instance:com.ust.text.Firsttext@61df66b6]" started-at="2023-03-30T16:39:11 IST" name="Testgoogle" finished-at="2023-03-30T16:39:25 IST" duration-ms="13974" status="PASS">
          <reporter-output>
          </reporter-output>
        </test-method> <!-- Testgoogle -->
      </class> <!-- com.ust.text.Firsttext -->
    </test> <!-- Default test -->
  </suite> <!-- Default suite -->
</testng-results>
